<?xml version="1.0" encoding="UTF-8"?>
<testng-results skipped="0" failed="0" total="1" passed="1">
  <reporter-output>
  </reporter-output>
  <suite name="Default suite" duration-ms="16052" started-at="2016-05-09T02:20:42Z" finished-at="2016-05-09T02:20:58Z">
    <groups>
    </groups>
    <test name="Default test" duration-ms="16052" started-at="2016-05-09T02:20:42Z" finished-at="2016-05-09T02:20:58Z">
      <class name="MCNTest.MCNDemoTest">
        <test-method status="PASS" signature="HealthCareLogin()[pri:0, instance:MCNTest.MCNDemoTest@1ba9117e]" name="HealthCareLogin" duration-ms="16028" started-at="2016-05-08T20:20:42Z" finished-at="2016-05-08T20:20:58Z">
          <reporter-output>
          </reporter-output>
        </test-method> <!-- HealthCareLogin -->
      </class> <!-- MCNTest.MCNDemoTest -->
    </test> <!-- Default test -->
  </suite> <!-- Default suite -->
</testng-results>
